<html>
<head>
<title>TestNG:  Pixel_7</title>
<link href="../testng.css" rel="stylesheet" type="text/css" />
<link href="../my-testng.css" rel="stylesheet" type="text/css" />

<style type="text/css">
.log { display: none;} 
.stack-trace { display: none;} 
</style>
<script type="text/javascript">
<!--
function flip(e) {
  current = e.style.display;
  if (current == 'block') {
    e.style.display = 'none';
    return 0;
  }
  else {
    e.style.display = 'block';
    return 1;
  }
}

function toggleBox(szDivId, elem, msg1, msg2)
{
  var res = -1;  if (document.getElementById) {
    res = flip(document.getElementById(szDivId));
  }
  else if (document.all) {
    // this is the way old msie versions work
    res = flip(document.all[szDivId]);
  }
  if(elem) {
    if(res == 0) elem.innerHTML = msg1; else elem.innerHTML = msg2;
  }

}

function toggleAllBoxes() {
  if (document.getElementsByTagName) {
    d = document.getElementsByTagName('div');
    for (i = 0; i < d.length; i++) {
      if (d[i].className == 'log') {
        flip(d[i]);
      }
    }
  }
}

// -->
</script>

</head>
<body>
<h2 align='center'>Pixel_7</h2><table border='1' align="center">
<tr>
<td>Tests passed/Failed/Skipped:</td><td>0/2/3</td>
</tr><tr>
<td>Started on:</td><td>Mon Jun 03 23:23:31 IST 2024</td>
</tr>
<tr><td>Total time:</td><td>32 seconds (32099 ms)</td>
</tr><tr>
<td>Included groups:</td><td></td>
</tr><tr>
<td>Excluded groups:</td><td></td>
</tr>
</table><p/>
<small><i>(Hover the method name to see the test class name)</i></small><p/>
<table width='100%' border='1' class='invocation-failed'>
<tr><td colspan='4' align='center'><b>FAILED CONFIGURATIONS</b></td></tr>
<tr><td><b>Test method</b></td>
<td><b>Attribute(s)</b></td>
<td width="30%"><b>Exception</b></td>
<td width="10%"><b>Time (seconds)</b></td>
<td><b>Instance</b></td>
</tr>
<tr>
<td title='com.qa.tests.LoginTests.beforeMethod()'><b>beforeMethod</b><br>Test class: com.qa.tests.LoginTests<br>Parameters: public void com.qa.tests.LoginTests.invalidPassword()</td>
<td><div><pre>java.lang.NoSuchMethodError: &apos;net.bytebuddy.matcher.ElementMatcher$Junction net.bytebuddy.matcher.ElementMatchers.namedOneOf(java.lang.String[])&apos;
	at io.appium.java_client.pagefactory.utils.ProxyFactory.getEnhancedProxy(ProxyFactory.java:91)
	at io.appium.java_client.pagefactory.utils.ProxyFactory.getEnhancedProxy(ProxyFactory.java:70)
	at io.appium.java_client.pagefactory.AppiumFieldDecorator.proxyForAnElement(AppiumFieldDecorator.java:258)
	at io.appium.java_client.pagefactory.AppiumFieldDecorator$1.proxyForLocator(AppiumFieldDecorator.java:157)
	at org.openqa.selenium.support.pagefactory.DefaultFieldDecorator.decorate(DefaultFieldDecorator.java:61)
	at io.appium.java_client.pagefactory.AppiumFieldDecorator.decorate(AppiumFieldDecorator.java:196)
	at org.openqa.selenium.support.PageFactory.proxyFields(PageFactory.java:109)
	at org.openqa.selenium.support.PageFactory.initElements(PageFactory.java:101)
	at com.qa.pages.LoginPage.&lt;init&gt;(LoginPage.java:30)
	at com.qa.tests.LoginTests.beforeMethod(LoginTests.java:58)
	at java.base/java.util.ArrayList.forEach(ArrayList.java:1511)
	at java.base/java.util.concurrent.FutureTask.run(FutureTask.java:264)
	at java.base/java.util.concurrent.ThreadPoolExecutor.runWorker(ThreadPoolExecutor.java:1136)
	at java.base/java.util.concurrent.ThreadPoolExecutor$Worker.run(ThreadPoolExecutor.java:635)
	at java.base/java.lang.Thread.run(Thread.java:833)
... Removed 21 stack frames</pre></div><a href='#' onClick='toggleBox("stack-trace1747662784", this, "Click to show all stack frames", "Click to hide stack frames")'>Click to show all stack frames</a>
<div class='stack-trace' id='stack-trace1747662784'><pre>java.lang.NoSuchMethodError: &apos;net.bytebuddy.matcher.ElementMatcher$Junction net.bytebuddy.matcher.ElementMatchers.namedOneOf(java.lang.String[])&apos;
	at io.appium.java_client.pagefactory.utils.ProxyFactory.getEnhancedProxy(ProxyFactory.java:91)
	at io.appium.java_client.pagefactory.utils.ProxyFactory.getEnhancedProxy(ProxyFactory.java:70)
	at io.appium.java_client.pagefactory.AppiumFieldDecorator.proxyForAnElement(AppiumFieldDecorator.java:258)
	at io.appium.java_client.pagefactory.AppiumFieldDecorator$1.proxyForLocator(AppiumFieldDecorator.java:157)
	at org.openqa.selenium.support.pagefactory.DefaultFieldDecorator.decorate(DefaultFieldDecorator.java:61)
	at io.appium.java_client.pagefactory.AppiumFieldDecorator.decorate(AppiumFieldDecorator.java:196)
	at org.openqa.selenium.support.PageFactory.proxyFields(PageFactory.java:109)
	at org.openqa.selenium.support.PageFactory.initElements(PageFactory.java:101)
	at com.qa.pages.LoginPage.&lt;init&gt;(LoginPage.java:30)
	at com.qa.tests.LoginTests.beforeMethod(LoginTests.java:58)
	at java.base/jdk.internal.reflect.NativeMethodAccessorImpl.invoke0(Native Method)
	at java.base/jdk.internal.reflect.NativeMethodAccessorImpl.invoke(NativeMethodAccessorImpl.java:77)
	at java.base/jdk.internal.reflect.DelegatingMethodAccessorImpl.invoke(DelegatingMethodAccessorImpl.java:43)
	at java.base/java.lang.reflect.Method.invoke(Method.java:568)
	at org.testng.internal.invokers.MethodInvocationHelper.invokeMethod(MethodInvocationHelper.java:141)
	at org.testng.internal.invokers.MethodInvocationHelper.invokeMethodConsideringTimeout(MethodInvocationHelper.java:71)
	at org.testng.internal.invokers.ConfigInvoker.invokeConfigurationMethod(ConfigInvoker.java:400)
	at org.testng.internal.invokers.ConfigInvoker.invokeConfigurations(ConfigInvoker.java:333)
	at org.testng.internal.invokers.TestInvoker.runConfigMethods(TestInvoker.java:833)
	at org.testng.internal.invokers.TestInvoker.invokeMethod(TestInvoker.java:600)
	at org.testng.internal.invokers.TestInvoker.invokeTestMethod(TestInvoker.java:230)
	at org.testng.internal.invokers.MethodRunner.runInSequence(MethodRunner.java:63)
	at org.testng.internal.invokers.TestInvoker$MethodInvocationAgent.invoke(TestInvoker.java:992)
	at org.testng.internal.invokers.TestInvoker.invokeTestMethods(TestInvoker.java:203)
	at org.testng.internal.invokers.TestMethodWorker.invokeTestMethods(TestMethodWorker.java:154)
	at org.testng.internal.invokers.TestMethodWorker.run(TestMethodWorker.java:134)
	at java.base/java.util.ArrayList.forEach(ArrayList.java:1511)
	at org.testng.TestRunner.privateRun(TestRunner.java:739)
	at org.testng.TestRunner.run(TestRunner.java:614)
	at org.testng.SuiteRunner.runTest(SuiteRunner.java:421)
	at org.testng.SuiteRunner$SuiteWorker.run(SuiteRunner.java:463)
	at org.testng.internal.thread.ThreadUtil.lambda$execute$0(ThreadUtil.java:64)
	at java.base/java.util.concurrent.FutureTask.run(FutureTask.java:264)
	at java.base/java.util.concurrent.ThreadPoolExecutor.runWorker(ThreadPoolExecutor.java:1136)
	at java.base/java.util.concurrent.ThreadPoolExecutor$Worker.run(ThreadPoolExecutor.java:635)
	at java.base/java.lang.Thread.run(Thread.java:833)
</pre></div></td>
<td>2</td>
<td>com.qa.tests.LoginTests@f627d13</td></tr>
</table><p>
<table width='100%' border='1' class='invocation-skipped'>
<tr><td colspan='4' align='center'><b>SKIPPED CONFIGURATIONS</b></td></tr>
<tr><td><b>Test method</b></td>
<td><b>Attribute(s)</b></td>
<td width="30%"><b>Exception</b></td>
<td width="10%"><b>Time (seconds)</b></td>
<td><b>Instance</b></td>
</tr>
<tr>
<td title='com.qa.tests.LoginTests.afterMethod()'><b>afterMethod</b><br>Test class: com.qa.tests.LoginTests</td>
<td></td>
<td>0</td>
<td>com.qa.tests.LoginTests@f627d13</td></tr>
<tr>
<td title='com.qa.tests.LoginTests.beforeMethod()'><b>beforeMethod</b><br>Test class: com.qa.tests.LoginTests</td>
<td></td>
<td>0</td>
<td>com.qa.tests.LoginTests@f627d13</td></tr>
<tr>
<td title='com.qa.tests.LoginTests.afterMethod()'><b>afterMethod</b><br>Test class: com.qa.tests.LoginTests</td>
<td></td>
<td>0</td>
<td>com.qa.tests.LoginTests@f627d13</td></tr>
<tr>
<td title='com.qa.tests.LoginTests.afterMethod()'><b>afterMethod</b><br>Test class: com.qa.tests.LoginTests</td>
<td></td>
<td>0</td>
<td>com.qa.tests.LoginTests@f627d13</td></tr>
<tr>
<td title='com.qa.tests.LoginTests.afterMethod()'><b>afterMethod</b><br>Test class: com.qa.tests.LoginTests</td>
<td></td>
<td>0</td>
<td>com.qa.tests.LoginTests@f627d13</td></tr>
<tr>
<td title='com.qa.tests.LoginTests.afterMethod()'><b>afterMethod</b><br>Test class: com.qa.tests.LoginTests</td>
<td></td>
<td>0</td>
<td>com.qa.tests.LoginTests@f627d13</td></tr>
<tr>
<td title='com.qa.tests.LoginTests.afterClass()'><b>afterClass</b><br>Test class: com.qa.tests.LoginTests</td>
<td></td>
<td>0</td>
<td>com.qa.tests.LoginTests@f627d13</td></tr>
<tr>
<td title='com.qa.tests.LoginTests.beforeMethod()'><b>beforeMethod</b><br>Test class: com.qa.tests.LoginTests</td>
<td></td>
<td>0</td>
<td>com.qa.tests.LoginTests@f627d13</td></tr>
<tr>
<td title='com.qa.tests.LoginTests.afterMethod()'><b>afterMethod</b><br>Test class: com.qa.tests.LoginTests</td>
<td></td>
<td>0</td>
<td>com.qa.tests.LoginTests@f627d13</td></tr>
<tr>
<td title='com.qa.tests.LoginTests.beforeMethod()'><b>beforeMethod</b><br>Test class: com.qa.tests.LoginTests</td>
<td></td>
<td>0</td>
<td>com.qa.tests.LoginTests@f627d13</td></tr>
<tr>
<td title='com.qa.tests.LoginTests.beforeMethod()'><b>beforeMethod</b><br>Test class: com.qa.tests.LoginTests</td>
<td></td>
<td>0</td>
<td>com.qa.tests.LoginTests@f627d13</td></tr>
</table><p>
<table width='100%' border='1' class='invocation-failed'>
<tr><td colspan='4' align='center'><b>FAILED TESTS</b></td></tr>
<tr><td><b>Test method</b></td>
<td><b>Attribute(s)</b></td>
<td width="30%"><b>Exception</b></td>
<td width="10%"><b>Time (seconds)</b></td>
<td><b>Instance</b></td>
</tr>
<tr>
<td title='com.qa.tests.ProductTests.validateProductOnProductsPage()'><b>validateProductOnProductsPage</b><br>Test class: com.qa.tests.ProductTests<br/>
<a href="#Output-1196416557" onClick='toggleBox("Output-1196416557", this, "Show output", "Hide output");'>Show output</a>

<a href="#Output-1196416557" onClick="toggleAllBoxes();">Show all outputs</a>
<div class='log' id="Output-1196416557">
This is the sample screenshot<br/>
<a href='C:\Users\excel\eclipse-workspace\TDDFramework\Screenshots\Android_Pixel_7_API_28\2024-06-03-23-23-31\ProductTests\validateProductOnProductsPage.png'> <img src='C:\Users\excel\eclipse-workspace\TDDFramework\Screenshots\Android_Pixel_7_API_28\2024-06-03-23-23-31\ProductTests\validateProductOnProductsPage.png' height='400' width='400'/> </a><br/>
</div>
</td>
<td><div><pre>java.lang.NoSuchMethodError: &apos;net.bytebuddy.matcher.ElementMatcher$Junction net.bytebuddy.matcher.ElementMatchers.namedOneOf(java.lang.String[])&apos;
	at io.appium.java_client.pagefactory.utils.ProxyFactory.getEnhancedProxy(ProxyFactory.java:91)
	at io.appium.java_client.pagefactory.utils.ProxyFactory.getEnhancedProxy(ProxyFactory.java:70)
	at io.appium.java_client.pagefactory.AppiumFieldDecorator.proxyForAnElement(AppiumFieldDecorator.java:258)
	at io.appium.java_client.pagefactory.AppiumFieldDecorator$1.proxyForLocator(AppiumFieldDecorator.java:157)
	at org.openqa.selenium.support.pagefactory.DefaultFieldDecorator.decorate(DefaultFieldDecorator.java:61)
	at io.appium.java_client.pagefactory.AppiumFieldDecorator.decorate(AppiumFieldDecorator.java:196)
	at org.openqa.selenium.support.PageFactory.proxyFields(PageFactory.java:109)
	at org.openqa.selenium.support.PageFactory.initElements(PageFactory.java:101)
	at com.qa.pages.LoginPage.&lt;init&gt;(LoginPage.java:30)
	at com.qa.tests.ProductTests.validateProductOnProductsPage(ProductTests.java:93)
	at java.base/java.util.ArrayList.forEach(ArrayList.java:1511)
	at java.base/java.util.concurrent.FutureTask.run(FutureTask.java:264)
	at java.base/java.util.concurrent.ThreadPoolExecutor.runWorker(ThreadPoolExecutor.java:1136)
	at java.base/java.util.concurrent.ThreadPoolExecutor$Worker.run(ThreadPoolExecutor.java:635)
	at java.base/java.lang.Thread.run(Thread.java:833)
... Removed 17 stack frames</pre></div><a href='#' onClick='toggleBox("stack-trace1196416557", this, "Click to show all stack frames", "Click to hide stack frames")'>Click to show all stack frames</a>
<div class='stack-trace' id='stack-trace1196416557'><pre>java.lang.NoSuchMethodError: &apos;net.bytebuddy.matcher.ElementMatcher$Junction net.bytebuddy.matcher.ElementMatchers.namedOneOf(java.lang.String[])&apos;
	at io.appium.java_client.pagefactory.utils.ProxyFactory.getEnhancedProxy(ProxyFactory.java:91)
	at io.appium.java_client.pagefactory.utils.ProxyFactory.getEnhancedProxy(ProxyFactory.java:70)
	at io.appium.java_client.pagefactory.AppiumFieldDecorator.proxyForAnElement(AppiumFieldDecorator.java:258)
	at io.appium.java_client.pagefactory.AppiumFieldDecorator$1.proxyForLocator(AppiumFieldDecorator.java:157)
	at org.openqa.selenium.support.pagefactory.DefaultFieldDecorator.decorate(DefaultFieldDecorator.java:61)
	at io.appium.java_client.pagefactory.AppiumFieldDecorator.decorate(AppiumFieldDecorator.java:196)
	at org.openqa.selenium.support.PageFactory.proxyFields(PageFactory.java:109)
	at org.openqa.selenium.support.PageFactory.initElements(PageFactory.java:101)
	at com.qa.pages.LoginPage.&lt;init&gt;(LoginPage.java:30)
	at com.qa.tests.ProductTests.validateProductOnProductsPage(ProductTests.java:93)
	at java.base/jdk.internal.reflect.NativeMethodAccessorImpl.invoke0(Native Method)
	at java.base/jdk.internal.reflect.NativeMethodAccessorImpl.invoke(NativeMethodAccessorImpl.java:77)
	at java.base/jdk.internal.reflect.DelegatingMethodAccessorImpl.invoke(DelegatingMethodAccessorImpl.java:43)
	at java.base/java.lang.reflect.Method.invoke(Method.java:568)
	at org.testng.internal.invokers.MethodInvocationHelper.invokeMethod(MethodInvocationHelper.java:141)
	at org.testng.internal.invokers.TestInvoker.invokeMethod(TestInvoker.java:686)
	at org.testng.internal.invokers.TestInvoker.invokeTestMethod(TestInvoker.java:230)
	at org.testng.internal.invokers.MethodRunner.runInSequence(MethodRunner.java:63)
	at org.testng.internal.invokers.TestInvoker$MethodInvocationAgent.invoke(TestInvoker.java:992)
	at org.testng.internal.invokers.TestInvoker.invokeTestMethods(TestInvoker.java:203)
	at org.testng.internal.invokers.TestMethodWorker.invokeTestMethods(TestMethodWorker.java:154)
	at org.testng.internal.invokers.TestMethodWorker.run(TestMethodWorker.java:134)
	at java.base/java.util.ArrayList.forEach(ArrayList.java:1511)
	at org.testng.TestRunner.privateRun(TestRunner.java:739)
	at org.testng.TestRunner.run(TestRunner.java:614)
	at org.testng.SuiteRunner.runTest(SuiteRunner.java:421)
	at org.testng.SuiteRunner$SuiteWorker.run(SuiteRunner.java:463)
	at org.testng.internal.thread.ThreadUtil.lambda$execute$0(ThreadUtil.java:64)
	at java.base/java.util.concurrent.FutureTask.run(FutureTask.java:264)
	at java.base/java.util.concurrent.ThreadPoolExecutor.runWorker(ThreadPoolExecutor.java:1136)
	at java.base/java.util.concurrent.ThreadPoolExecutor$Worker.run(ThreadPoolExecutor.java:635)
	at java.base/java.lang.Thread.run(Thread.java:833)
</pre></div></td>
<td>0</td>
<td>com.qa.tests.ProductTests@4bf48f6</td></tr>
<tr>
<td title='com.qa.tests.ProductTests.validateProductOnProductDetailsPage()'><b>validateProductOnProductDetailsPage</b><br>Test class: com.qa.tests.ProductTests<br/>
<a href="#Output-221678578" onClick='toggleBox("Output-221678578", this, "Show output", "Hide output");'>Show output</a>

<a href="#Output-221678578" onClick="toggleAllBoxes();">Show all outputs</a>
<div class='log' id="Output-221678578">
This is the sample screenshot<br/>
<a href='C:\Users\excel\eclipse-workspace\TDDFramework\Screenshots\Android_Pixel_7_API_28\2024-06-03-23-23-31\ProductTests\validateProductOnProductDetailsPage.png'> <img src='C:\Users\excel\eclipse-workspace\TDDFramework\Screenshots\Android_Pixel_7_API_28\2024-06-03-23-23-31\ProductTests\validateProductOnProductDetailsPage.png' height='400' width='400'/> </a><br/>
</div>
</td>
<td><div><pre>java.lang.NoSuchMethodError: &apos;net.bytebuddy.matcher.ElementMatcher$Junction net.bytebuddy.matcher.ElementMatchers.namedOneOf(java.lang.String[])&apos;
	at io.appium.java_client.pagefactory.utils.ProxyFactory.getEnhancedProxy(ProxyFactory.java:91)
	at io.appium.java_client.pagefactory.utils.ProxyFactory.getEnhancedProxy(ProxyFactory.java:70)
	at io.appium.java_client.pagefactory.AppiumFieldDecorator.proxyForAnElement(AppiumFieldDecorator.java:258)
	at io.appium.java_client.pagefactory.AppiumFieldDecorator$1.proxyForLocator(AppiumFieldDecorator.java:157)
	at org.openqa.selenium.support.pagefactory.DefaultFieldDecorator.decorate(DefaultFieldDecorator.java:61)
	at io.appium.java_client.pagefactory.AppiumFieldDecorator.decorate(AppiumFieldDecorator.java:196)
	at org.openqa.selenium.support.PageFactory.proxyFields(PageFactory.java:109)
	at org.openqa.selenium.support.PageFactory.initElements(PageFactory.java:101)
	at com.qa.pages.LoginPage.&lt;init&gt;(LoginPage.java:30)
	at com.qa.tests.ProductTests.validateProductOnProductDetailsPage(ProductTests.java:110)
	at java.base/java.util.ArrayList.forEach(ArrayList.java:1511)
	at java.base/java.util.concurrent.FutureTask.run(FutureTask.java:264)
	at java.base/java.util.concurrent.ThreadPoolExecutor.runWorker(ThreadPoolExecutor.java:1136)
	at java.base/java.util.concurrent.ThreadPoolExecutor$Worker.run(ThreadPoolExecutor.java:635)
	at java.base/java.lang.Thread.run(Thread.java:833)
... Removed 17 stack frames</pre></div><a href='#' onClick='toggleBox("stack-trace221678578", this, "Click to show all stack frames", "Click to hide stack frames")'>Click to show all stack frames</a>
<div class='stack-trace' id='stack-trace221678578'><pre>java.lang.NoSuchMethodError: &apos;net.bytebuddy.matcher.ElementMatcher$Junction net.bytebuddy.matcher.ElementMatchers.namedOneOf(java.lang.String[])&apos;
	at io.appium.java_client.pagefactory.utils.ProxyFactory.getEnhancedProxy(ProxyFactory.java:91)
	at io.appium.java_client.pagefactory.utils.ProxyFactory.getEnhancedProxy(ProxyFactory.java:70)
	at io.appium.java_client.pagefactory.AppiumFieldDecorator.proxyForAnElement(AppiumFieldDecorator.java:258)
	at io.appium.java_client.pagefactory.AppiumFieldDecorator$1.proxyForLocator(AppiumFieldDecorator.java:157)
	at org.openqa.selenium.support.pagefactory.DefaultFieldDecorator.decorate(DefaultFieldDecorator.java:61)
	at io.appium.java_client.pagefactory.AppiumFieldDecorator.decorate(AppiumFieldDecorator.java:196)
	at org.openqa.selenium.support.PageFactory.proxyFields(PageFactory.java:109)
	at org.openqa.selenium.support.PageFactory.initElements(PageFactory.java:101)
	at com.qa.pages.LoginPage.&lt;init&gt;(LoginPage.java:30)
	at com.qa.tests.ProductTests.validateProductOnProductDetailsPage(ProductTests.java:110)
	at java.base/jdk.internal.reflect.NativeMethodAccessorImpl.invoke0(Native Method)
	at java.base/jdk.internal.reflect.NativeMethodAccessorImpl.invoke(NativeMethodAccessorImpl.java:77)
	at java.base/jdk.internal.reflect.DelegatingMethodAccessorImpl.invoke(DelegatingMethodAccessorImpl.java:43)
	at java.base/java.lang.reflect.Method.invoke(Method.java:568)
	at org.testng.internal.invokers.MethodInvocationHelper.invokeMethod(MethodInvocationHelper.java:141)
	at org.testng.internal.invokers.TestInvoker.invokeMethod(TestInvoker.java:686)
	at org.testng.internal.invokers.TestInvoker.invokeTestMethod(TestInvoker.java:230)
	at org.testng.internal.invokers.MethodRunner.runInSequence(MethodRunner.java:63)
	at org.testng.internal.invokers.TestInvoker$MethodInvocationAgent.invoke(TestInvoker.java:992)
	at org.testng.internal.invokers.TestInvoker.invokeTestMethods(TestInvoker.java:203)
	at org.testng.internal.invokers.TestMethodWorker.invokeTestMethods(TestMethodWorker.java:154)
	at org.testng.internal.invokers.TestMethodWorker.run(TestMethodWorker.java:134)
	at java.base/java.util.ArrayList.forEach(ArrayList.java:1511)
	at org.testng.TestRunner.privateRun(TestRunner.java:739)
	at org.testng.TestRunner.run(TestRunner.java:614)
	at org.testng.SuiteRunner.runTest(SuiteRunner.java:421)
	at org.testng.SuiteRunner$SuiteWorker.run(SuiteRunner.java:463)
	at org.testng.internal.thread.ThreadUtil.lambda$execute$0(ThreadUtil.java:64)
	at java.base/java.util.concurrent.FutureTask.run(FutureTask.java:264)
	at java.base/java.util.concurrent.ThreadPoolExecutor.runWorker(ThreadPoolExecutor.java:1136)
	at java.base/java.util.concurrent.ThreadPoolExecutor$Worker.run(ThreadPoolExecutor.java:635)
	at java.base/java.lang.Thread.run(Thread.java:833)
</pre></div></td>
<td>0</td>
<td>com.qa.tests.ProductTests@4bf48f6</td></tr>
</table><p>
<table width='100%' border='1' class='invocation-skipped'>
<tr><td colspan='4' align='center'><b>SKIPPED TESTS</b></td></tr>
<tr><td><b>Test method</b></td>
<td><b>Attribute(s)</b></td>
<td width="30%"><b>Exception</b></td>
<td width="10%"><b>Time (seconds)</b></td>
<td><b>Instance</b></td>
</tr>
<tr>
<td title='com.qa.tests.LoginTests.invalidUserName()'><b>invalidUserName</b><br>Test class: com.qa.tests.LoginTests</td>
<td><div><pre>java.lang.NoSuchMethodError: &apos;net.bytebuddy.matcher.ElementMatcher$Junction net.bytebuddy.matcher.ElementMatchers.namedOneOf(java.lang.String[])&apos;
	at io.appium.java_client.pagefactory.utils.ProxyFactory.getEnhancedProxy(ProxyFactory.java:91)
	at io.appium.java_client.pagefactory.utils.ProxyFactory.getEnhancedProxy(ProxyFactory.java:70)
	at io.appium.java_client.pagefactory.AppiumFieldDecorator.proxyForAnElement(AppiumFieldDecorator.java:258)
	at io.appium.java_client.pagefactory.AppiumFieldDecorator$1.proxyForLocator(AppiumFieldDecorator.java:157)
	at org.openqa.selenium.support.pagefactory.DefaultFieldDecorator.decorate(DefaultFieldDecorator.java:61)
	at io.appium.java_client.pagefactory.AppiumFieldDecorator.decorate(AppiumFieldDecorator.java:196)
	at org.openqa.selenium.support.PageFactory.proxyFields(PageFactory.java:109)
	at org.openqa.selenium.support.PageFactory.initElements(PageFactory.java:101)
	at com.qa.pages.LoginPage.&lt;init&gt;(LoginPage.java:30)
	at com.qa.tests.LoginTests.beforeMethod(LoginTests.java:58)
	at java.base/java.util.ArrayList.forEach(ArrayList.java:1511)
	at java.base/java.util.concurrent.FutureTask.run(FutureTask.java:264)
	at java.base/java.util.concurrent.ThreadPoolExecutor.runWorker(ThreadPoolExecutor.java:1136)
	at java.base/java.util.concurrent.ThreadPoolExecutor$Worker.run(ThreadPoolExecutor.java:635)
	at java.base/java.lang.Thread.run(Thread.java:833)
... Removed 21 stack frames</pre></div><a href='#' onClick='toggleBox("stack-trace478101327", this, "Click to show all stack frames", "Click to hide stack frames")'>Click to show all stack frames</a>
<div class='stack-trace' id='stack-trace478101327'><pre>java.lang.NoSuchMethodError: &apos;net.bytebuddy.matcher.ElementMatcher$Junction net.bytebuddy.matcher.ElementMatchers.namedOneOf(java.lang.String[])&apos;
	at io.appium.java_client.pagefactory.utils.ProxyFactory.getEnhancedProxy(ProxyFactory.java:91)
	at io.appium.java_client.pagefactory.utils.ProxyFactory.getEnhancedProxy(ProxyFactory.java:70)
	at io.appium.java_client.pagefactory.AppiumFieldDecorator.proxyForAnElement(AppiumFieldDecorator.java:258)
	at io.appium.java_client.pagefactory.AppiumFieldDecorator$1.proxyForLocator(AppiumFieldDecorator.java:157)
	at org.openqa.selenium.support.pagefactory.DefaultFieldDecorator.decorate(DefaultFieldDecorator.java:61)
	at io.appium.java_client.pagefactory.AppiumFieldDecorator.decorate(AppiumFieldDecorator.java:196)
	at org.openqa.selenium.support.PageFactory.proxyFields(PageFactory.java:109)
	at org.openqa.selenium.support.PageFactory.initElements(PageFactory.java:101)
	at com.qa.pages.LoginPage.&lt;init&gt;(LoginPage.java:30)
	at com.qa.tests.LoginTests.beforeMethod(LoginTests.java:58)
	at java.base/jdk.internal.reflect.NativeMethodAccessorImpl.invoke0(Native Method)
	at java.base/jdk.internal.reflect.NativeMethodAccessorImpl.invoke(NativeMethodAccessorImpl.java:77)
	at java.base/jdk.internal.reflect.DelegatingMethodAccessorImpl.invoke(DelegatingMethodAccessorImpl.java:43)
	at java.base/java.lang.reflect.Method.invoke(Method.java:568)
	at org.testng.internal.invokers.MethodInvocationHelper.invokeMethod(MethodInvocationHelper.java:141)
	at org.testng.internal.invokers.MethodInvocationHelper.invokeMethodConsideringTimeout(MethodInvocationHelper.java:71)
	at org.testng.internal.invokers.ConfigInvoker.invokeConfigurationMethod(ConfigInvoker.java:400)
	at org.testng.internal.invokers.ConfigInvoker.invokeConfigurations(ConfigInvoker.java:333)
	at org.testng.internal.invokers.TestInvoker.runConfigMethods(TestInvoker.java:833)
	at org.testng.internal.invokers.TestInvoker.invokeMethod(TestInvoker.java:600)
	at org.testng.internal.invokers.TestInvoker.invokeTestMethod(TestInvoker.java:230)
	at org.testng.internal.invokers.MethodRunner.runInSequence(MethodRunner.java:63)
	at org.testng.internal.invokers.TestInvoker$MethodInvocationAgent.invoke(TestInvoker.java:992)
	at org.testng.internal.invokers.TestInvoker.invokeTestMethods(TestInvoker.java:203)
	at org.testng.internal.invokers.TestMethodWorker.invokeTestMethods(TestMethodWorker.java:154)
	at org.testng.internal.invokers.TestMethodWorker.run(TestMethodWorker.java:134)
	at java.base/java.util.ArrayList.forEach(ArrayList.java:1511)
	at org.testng.TestRunner.privateRun(TestRunner.java:739)
	at org.testng.TestRunner.run(TestRunner.java:614)
	at org.testng.SuiteRunner.runTest(SuiteRunner.java:421)
	at org.testng.SuiteRunner$SuiteWorker.run(SuiteRunner.java:463)
	at org.testng.internal.thread.ThreadUtil.lambda$execute$0(ThreadUtil.java:64)
	at java.base/java.util.concurrent.FutureTask.run(FutureTask.java:264)
	at java.base/java.util.concurrent.ThreadPoolExecutor.runWorker(ThreadPoolExecutor.java:1136)
	at java.base/java.util.concurrent.ThreadPoolExecutor$Worker.run(ThreadPoolExecutor.java:635)
	at java.base/java.lang.Thread.run(Thread.java:833)
</pre></div></td>
<td>0</td>
<td>com.qa.tests.LoginTests@f627d13</td></tr>
<tr>
<td title='com.qa.tests.LoginTests.successfulLogin()'><b>successfulLogin</b><br>Test class: com.qa.tests.LoginTests</td>
<td><div><pre>java.lang.NoSuchMethodError: &apos;net.bytebuddy.matcher.ElementMatcher$Junction net.bytebuddy.matcher.ElementMatchers.namedOneOf(java.lang.String[])&apos;
	at io.appium.java_client.pagefactory.utils.ProxyFactory.getEnhancedProxy(ProxyFactory.java:91)
	at io.appium.java_client.pagefactory.utils.ProxyFactory.getEnhancedProxy(ProxyFactory.java:70)
	at io.appium.java_client.pagefactory.AppiumFieldDecorator.proxyForAnElement(AppiumFieldDecorator.java:258)
	at io.appium.java_client.pagefactory.AppiumFieldDecorator$1.proxyForLocator(AppiumFieldDecorator.java:157)
	at org.openqa.selenium.support.pagefactory.DefaultFieldDecorator.decorate(DefaultFieldDecorator.java:61)
	at io.appium.java_client.pagefactory.AppiumFieldDecorator.decorate(AppiumFieldDecorator.java:196)
	at org.openqa.selenium.support.PageFactory.proxyFields(PageFactory.java:109)
	at org.openqa.selenium.support.PageFactory.initElements(PageFactory.java:101)
	at com.qa.pages.LoginPage.&lt;init&gt;(LoginPage.java:30)
	at com.qa.tests.LoginTests.beforeMethod(LoginTests.java:58)
	at java.base/java.util.ArrayList.forEach(ArrayList.java:1511)
	at java.base/java.util.concurrent.FutureTask.run(FutureTask.java:264)
	at java.base/java.util.concurrent.ThreadPoolExecutor.runWorker(ThreadPoolExecutor.java:1136)
	at java.base/java.util.concurrent.ThreadPoolExecutor$Worker.run(ThreadPoolExecutor.java:635)
	at java.base/java.lang.Thread.run(Thread.java:833)
... Removed 21 stack frames</pre></div><a href='#' onClick='toggleBox("stack-trace260096292", this, "Click to show all stack frames", "Click to hide stack frames")'>Click to show all stack frames</a>
<div class='stack-trace' id='stack-trace260096292'><pre>java.lang.NoSuchMethodError: &apos;net.bytebuddy.matcher.ElementMatcher$Junction net.bytebuddy.matcher.ElementMatchers.namedOneOf(java.lang.String[])&apos;
	at io.appium.java_client.pagefactory.utils.ProxyFactory.getEnhancedProxy(ProxyFactory.java:91)
	at io.appium.java_client.pagefactory.utils.ProxyFactory.getEnhancedProxy(ProxyFactory.java:70)
	at io.appium.java_client.pagefactory.AppiumFieldDecorator.proxyForAnElement(AppiumFieldDecorator.java:258)
	at io.appium.java_client.pagefactory.AppiumFieldDecorator$1.proxyForLocator(AppiumFieldDecorator.java:157)
	at org.openqa.selenium.support.pagefactory.DefaultFieldDecorator.decorate(DefaultFieldDecorator.java:61)
	at io.appium.java_client.pagefactory.AppiumFieldDecorator.decorate(AppiumFieldDecorator.java:196)
	at org.openqa.selenium.support.PageFactory.proxyFields(PageFactory.java:109)
	at org.openqa.selenium.support.PageFactory.initElements(PageFactory.java:101)
	at com.qa.pages.LoginPage.&lt;init&gt;(LoginPage.java:30)
	at com.qa.tests.LoginTests.beforeMethod(LoginTests.java:58)
	at java.base/jdk.internal.reflect.NativeMethodAccessorImpl.invoke0(Native Method)
	at java.base/jdk.internal.reflect.NativeMethodAccessorImpl.invoke(NativeMethodAccessorImpl.java:77)
	at java.base/jdk.internal.reflect.DelegatingMethodAccessorImpl.invoke(DelegatingMethodAccessorImpl.java:43)
	at java.base/java.lang.reflect.Method.invoke(Method.java:568)
	at org.testng.internal.invokers.MethodInvocationHelper.invokeMethod(MethodInvocationHelper.java:141)
	at org.testng.internal.invokers.MethodInvocationHelper.invokeMethodConsideringTimeout(MethodInvocationHelper.java:71)
	at org.testng.internal.invokers.ConfigInvoker.invokeConfigurationMethod(ConfigInvoker.java:400)
	at org.testng.internal.invokers.ConfigInvoker.invokeConfigurations(ConfigInvoker.java:333)
	at org.testng.internal.invokers.TestInvoker.runConfigMethods(TestInvoker.java:833)
	at org.testng.internal.invokers.TestInvoker.invokeMethod(TestInvoker.java:600)
	at org.testng.internal.invokers.TestInvoker.invokeTestMethod(TestInvoker.java:230)
	at org.testng.internal.invokers.MethodRunner.runInSequence(MethodRunner.java:63)
	at org.testng.internal.invokers.TestInvoker$MethodInvocationAgent.invoke(TestInvoker.java:992)
	at org.testng.internal.invokers.TestInvoker.invokeTestMethods(TestInvoker.java:203)
	at org.testng.internal.invokers.TestMethodWorker.invokeTestMethods(TestMethodWorker.java:154)
	at org.testng.internal.invokers.TestMethodWorker.run(TestMethodWorker.java:134)
	at java.base/java.util.ArrayList.forEach(ArrayList.java:1511)
	at org.testng.TestRunner.privateRun(TestRunner.java:739)
	at org.testng.TestRunner.run(TestRunner.java:614)
	at org.testng.SuiteRunner.runTest(SuiteRunner.java:421)
	at org.testng.SuiteRunner$SuiteWorker.run(SuiteRunner.java:463)
	at org.testng.internal.thread.ThreadUtil.lambda$execute$0(ThreadUtil.java:64)
	at java.base/java.util.concurrent.FutureTask.run(FutureTask.java:264)
	at java.base/java.util.concurrent.ThreadPoolExecutor.runWorker(ThreadPoolExecutor.java:1136)
	at java.base/java.util.concurrent.ThreadPoolExecutor$Worker.run(ThreadPoolExecutor.java:635)
	at java.base/java.lang.Thread.run(Thread.java:833)
</pre></div></td>
<td>0</td>
<td>com.qa.tests.LoginTests@f627d13</td></tr>
<tr>
<td title='com.qa.tests.LoginTests.invalidPassword()'><b>invalidPassword</b><br>Test class: com.qa.tests.LoginTests</td>
<td><div><pre>java.lang.NoSuchMethodError: &apos;net.bytebuddy.matcher.ElementMatcher$Junction net.bytebuddy.matcher.ElementMatchers.namedOneOf(java.lang.String[])&apos;
	at io.appium.java_client.pagefactory.utils.ProxyFactory.getEnhancedProxy(ProxyFactory.java:91)
	at io.appium.java_client.pagefactory.utils.ProxyFactory.getEnhancedProxy(ProxyFactory.java:70)
	at io.appium.java_client.pagefactory.AppiumFieldDecorator.proxyForAnElement(AppiumFieldDecorator.java:258)
	at io.appium.java_client.pagefactory.AppiumFieldDecorator$1.proxyForLocator(AppiumFieldDecorator.java:157)
	at org.openqa.selenium.support.pagefactory.DefaultFieldDecorator.decorate(DefaultFieldDecorator.java:61)
	at io.appium.java_client.pagefactory.AppiumFieldDecorator.decorate(AppiumFieldDecorator.java:196)
	at org.openqa.selenium.support.PageFactory.proxyFields(PageFactory.java:109)
	at org.openqa.selenium.support.PageFactory.initElements(PageFactory.java:101)
	at com.qa.pages.LoginPage.&lt;init&gt;(LoginPage.java:30)
	at com.qa.tests.LoginTests.beforeMethod(LoginTests.java:58)
	at java.base/java.util.ArrayList.forEach(ArrayList.java:1511)
	at java.base/java.util.concurrent.FutureTask.run(FutureTask.java:264)
	at java.base/java.util.concurrent.ThreadPoolExecutor.runWorker(ThreadPoolExecutor.java:1136)
	at java.base/java.util.concurrent.ThreadPoolExecutor$Worker.run(ThreadPoolExecutor.java:635)
	at java.base/java.lang.Thread.run(Thread.java:833)
... Removed 21 stack frames</pre></div><a href='#' onClick='toggleBox("stack-trace1990390488", this, "Click to show all stack frames", "Click to hide stack frames")'>Click to show all stack frames</a>
<div class='stack-trace' id='stack-trace1990390488'><pre>java.lang.NoSuchMethodError: &apos;net.bytebuddy.matcher.ElementMatcher$Junction net.bytebuddy.matcher.ElementMatchers.namedOneOf(java.lang.String[])&apos;
	at io.appium.java_client.pagefactory.utils.ProxyFactory.getEnhancedProxy(ProxyFactory.java:91)
	at io.appium.java_client.pagefactory.utils.ProxyFactory.getEnhancedProxy(ProxyFactory.java:70)
	at io.appium.java_client.pagefactory.AppiumFieldDecorator.proxyForAnElement(AppiumFieldDecorator.java:258)
	at io.appium.java_client.pagefactory.AppiumFieldDecorator$1.proxyForLocator(AppiumFieldDecorator.java:157)
	at org.openqa.selenium.support.pagefactory.DefaultFieldDecorator.decorate(DefaultFieldDecorator.java:61)
	at io.appium.java_client.pagefactory.AppiumFieldDecorator.decorate(AppiumFieldDecorator.java:196)
	at org.openqa.selenium.support.PageFactory.proxyFields(PageFactory.java:109)
	at org.openqa.selenium.support.PageFactory.initElements(PageFactory.java:101)
	at com.qa.pages.LoginPage.&lt;init&gt;(LoginPage.java:30)
	at com.qa.tests.LoginTests.beforeMethod(LoginTests.java:58)
	at java.base/jdk.internal.reflect.NativeMethodAccessorImpl.invoke0(Native Method)
	at java.base/jdk.internal.reflect.NativeMethodAccessorImpl.invoke(NativeMethodAccessorImpl.java:77)
	at java.base/jdk.internal.reflect.DelegatingMethodAccessorImpl.invoke(DelegatingMethodAccessorImpl.java:43)
	at java.base/java.lang.reflect.Method.invoke(Method.java:568)
	at org.testng.internal.invokers.MethodInvocationHelper.invokeMethod(MethodInvocationHelper.java:141)
	at org.testng.internal.invokers.MethodInvocationHelper.invokeMethodConsideringTimeout(MethodInvocationHelper.java:71)
	at org.testng.internal.invokers.ConfigInvoker.invokeConfigurationMethod(ConfigInvoker.java:400)
	at org.testng.internal.invokers.ConfigInvoker.invokeConfigurations(ConfigInvoker.java:333)
	at org.testng.internal.invokers.TestInvoker.runConfigMethods(TestInvoker.java:833)
	at org.testng.internal.invokers.TestInvoker.invokeMethod(TestInvoker.java:600)
	at org.testng.internal.invokers.TestInvoker.invokeTestMethod(TestInvoker.java:230)
	at org.testng.internal.invokers.MethodRunner.runInSequence(MethodRunner.java:63)
	at org.testng.internal.invokers.TestInvoker$MethodInvocationAgent.invoke(TestInvoker.java:992)
	at org.testng.internal.invokers.TestInvoker.invokeTestMethods(TestInvoker.java:203)
	at org.testng.internal.invokers.TestMethodWorker.invokeTestMethods(TestMethodWorker.java:154)
	at org.testng.internal.invokers.TestMethodWorker.run(TestMethodWorker.java:134)
	at java.base/java.util.ArrayList.forEach(ArrayList.java:1511)
	at org.testng.TestRunner.privateRun(TestRunner.java:739)
	at org.testng.TestRunner.run(TestRunner.java:614)
	at org.testng.SuiteRunner.runTest(SuiteRunner.java:421)
	at org.testng.SuiteRunner$SuiteWorker.run(SuiteRunner.java:463)
	at org.testng.internal.thread.ThreadUtil.lambda$execute$0(ThreadUtil.java:64)
	at java.base/java.util.concurrent.FutureTask.run(FutureTask.java:264)
	at java.base/java.util.concurrent.ThreadPoolExecutor.runWorker(ThreadPoolExecutor.java:1136)
	at java.base/java.util.concurrent.ThreadPoolExecutor$Worker.run(ThreadPoolExecutor.java:635)
	at java.base/java.lang.Thread.run(Thread.java:833)
</pre></div></td>
<td>0</td>
<td>com.qa.tests.LoginTests@f627d13</td></tr>
</table><p>
</body>
</html>