<?xml version="1.0" encoding="UTF-8"?>
<!-- Generated by org.testng.reporters.JUnitReportReporter -->
<testsuite hostname="LAPTOP-N6849G24" failures="0" tests="2" name="com.qa.tests.ProductTests" time="10.959" errors="2" timestamp="2024-06-03T23:24:04 IST" skipped="0">
  <testcase classname="com.qa.tests.ProductTests" name="validateProductOnProductsPage" time="5.984">
    <error message="&#039;net.bytebuddy.matcher.ElementMatcher$Junction net.bytebuddy.matcher.ElementMatchers.namedOneOf(java.lang.String[])&#039;" type="java.lang.NoSuchMethodError">
      <![CDATA[java.lang.NoSuchMethodError: 'net.bytebuddy.matcher.ElementMatcher$Junction net.bytebuddy.matcher.ElementMatchers.namedOneOf(java.lang.String[])'
at io.appium.java_client.pagefactory.utils.ProxyFactory.getEnhancedProxy(ProxyFactory.java:91)
at io.appium.java_client.pagefactory.utils.ProxyFactory.getEnhancedProxy(ProxyFactory.java:70)
at io.appium.java_client.pagefactory.AppiumFieldDecorator.proxyForAnElement(AppiumFieldDecorator.java:258)
at io.appium.java_client.pagefactory.AppiumFieldDecorator$1.proxyForLocator(AppiumFieldDecorator.java:157)
at org.openqa.selenium.support.pagefactory.DefaultFieldDecorator.decorate(DefaultFieldDecorator.java:61)
at io.appium.java_client.pagefactory.AppiumFieldDecorator.decorate(AppiumFieldDecorator.java:196)
at org.openqa.selenium.support.PageFactory.proxyFields(PageFactory.java:109)
at org.openqa.selenium.support.PageFactory.initElements(PageFactory.java:101)
at com.qa.pages.LoginPage.<init>(LoginPage.java:30)
at com.qa.tests.ProductTests.validateProductOnProductsPage(ProductTests.java:93)
at java.base/jdk.internal.reflect.NativeMethodAccessorImpl.invoke0(Native Method)
at java.base/jdk.internal.reflect.NativeMethodAccessorImpl.invoke(NativeMethodAccessorImpl.java:77)
at java.base/jdk.internal.reflect.DelegatingMethodAccessorImpl.invoke(DelegatingMethodAccessorImpl.java:43)
at java.base/java.lang.reflect.Method.invoke(Method.java:568)
at org.testng.internal.invokers.MethodInvocationHelper.invokeMethod(MethodInvocationHelper.java:141)
at org.testng.internal.invokers.TestInvoker.invokeMethod(TestInvoker.java:686)
at org.testng.internal.invokers.TestInvoker.invokeTestMethod(TestInvoker.java:230)
at org.testng.internal.invokers.MethodRunner.runInSequence(MethodRunner.java:63)
at org.testng.internal.invokers.TestInvoker$MethodInvocationAgent.invoke(TestInvoker.java:992)
at org.testng.internal.invokers.TestInvoker.invokeTestMethods(TestInvoker.java:203)
at org.testng.internal.invokers.TestMethodWorker.invokeTestMethods(TestMethodWorker.java:154)
at org.testng.internal.invokers.TestMethodWorker.run(TestMethodWorker.java:134)
at java.base/java.util.ArrayList.forEach(ArrayList.java:1511)
at org.testng.TestRunner.privateRun(TestRunner.java:739)
at org.testng.TestRunner.run(TestRunner.java:614)
at org.testng.SuiteRunner.runTest(SuiteRunner.java:421)
at org.testng.SuiteRunner$SuiteWorker.run(SuiteRunner.java:463)
at org.testng.internal.thread.ThreadUtil.lambda$execute$0(ThreadUtil.java:64)
at java.base/java.util.concurrent.FutureTask.run(FutureTask.java:264)
at java.base/java.util.concurrent.ThreadPoolExecutor.runWorker(ThreadPoolExecutor.java:1136)
at java.base/java.util.concurrent.ThreadPoolExecutor$Worker.run(ThreadPoolExecutor.java:635)
at java.base/java.lang.Thread.run(Thread.java:833)
]]>
    </error>
    <system-out>
      <![CDATA[This is the sample screenshot
<a href='C:\Users\excel\eclipse-workspace\TDDFramework\Screenshots\Android_Pixel_7_API_28\2024-06-03-23-23-31\ProductTests\validateProductOnProductsPage.png'> <img src='C:\Users\excel\eclipse-workspace\TDDFramework\Screenshots\Android_Pixel_7_API_28\2024-06-03-23-23-31\ProductTests\validateProductOnProductsPage.png' height='400' width='400'/> </a>]]>
    </system-out>
  </testcase> <!-- validateProductOnProductsPage -->
  <testcase classname="com.qa.tests.ProductTests" name="validateProductOnProductDetailsPage" time="4.975">
    <error message="&#039;net.bytebuddy.matcher.ElementMatcher$Junction net.bytebuddy.matcher.ElementMatchers.namedOneOf(java.lang.String[])&#039;" type="java.lang.NoSuchMethodError">
      <![CDATA[java.lang.NoSuchMethodError: 'net.bytebuddy.matcher.ElementMatcher$Junction net.bytebuddy.matcher.ElementMatchers.namedOneOf(java.lang.String[])'
at io.appium.java_client.pagefactory.utils.ProxyFactory.getEnhancedProxy(ProxyFactory.java:91)
at io.appium.java_client.pagefactory.utils.ProxyFactory.getEnhancedProxy(ProxyFactory.java:70)
at io.appium.java_client.pagefactory.AppiumFieldDecorator.proxyForAnElement(AppiumFieldDecorator.java:258)
at io.appium.java_client.pagefactory.AppiumFieldDecorator$1.proxyForLocator(AppiumFieldDecorator.java:157)
at org.openqa.selenium.support.pagefactory.DefaultFieldDecorator.decorate(DefaultFieldDecorator.java:61)
at io.appium.java_client.pagefactory.AppiumFieldDecorator.decorate(AppiumFieldDecorator.java:196)
at org.openqa.selenium.support.PageFactory.proxyFields(PageFactory.java:109)
at org.openqa.selenium.support.PageFactory.initElements(PageFactory.java:101)
at com.qa.pages.LoginPage.<init>(LoginPage.java:30)
at com.qa.tests.ProductTests.validateProductOnProductDetailsPage(ProductTests.java:110)
at java.base/jdk.internal.reflect.NativeMethodAccessorImpl.invoke0(Native Method)
at java.base/jdk.internal.reflect.NativeMethodAccessorImpl.invoke(NativeMethodAccessorImpl.java:77)
at java.base/jdk.internal.reflect.DelegatingMethodAccessorImpl.invoke(DelegatingMethodAccessorImpl.java:43)
at java.base/java.lang.reflect.Method.invoke(Method.java:568)
at org.testng.internal.invokers.MethodInvocationHelper.invokeMethod(MethodInvocationHelper.java:141)
at org.testng.internal.invokers.TestInvoker.invokeMethod(TestInvoker.java:686)
at org.testng.internal.invokers.TestInvoker.invokeTestMethod(TestInvoker.java:230)
at org.testng.internal.invokers.MethodRunner.runInSequence(MethodRunner.java:63)
at org.testng.internal.invokers.TestInvoker$MethodInvocationAgent.invoke(TestInvoker.java:992)
at org.testng.internal.invokers.TestInvoker.invokeTestMethods(TestInvoker.java:203)
at org.testng.internal.invokers.TestMethodWorker.invokeTestMethods(TestMethodWorker.java:154)
at org.testng.internal.invokers.TestMethodWorker.run(TestMethodWorker.java:134)
at java.base/java.util.ArrayList.forEach(ArrayList.java:1511)
at org.testng.TestRunner.privateRun(TestRunner.java:739)
at org.testng.TestRunner.run(TestRunner.java:614)
at org.testng.SuiteRunner.runTest(SuiteRunner.java:421)
at org.testng.SuiteRunner$SuiteWorker.run(SuiteRunner.java:463)
at org.testng.internal.thread.ThreadUtil.lambda$execute$0(ThreadUtil.java:64)
at java.base/java.util.concurrent.FutureTask.run(FutureTask.java:264)
at java.base/java.util.concurrent.ThreadPoolExecutor.runWorker(ThreadPoolExecutor.java:1136)
at java.base/java.util.concurrent.ThreadPoolExecutor$Worker.run(ThreadPoolExecutor.java:635)
at java.base/java.lang.Thread.run(Thread.java:833)
]]>
    </error>
    <system-out>
      <![CDATA[This is the sample screenshot
<a href='C:\Users\excel\eclipse-workspace\TDDFramework\Screenshots\Android_Pixel_7_API_28\2024-06-03-23-23-31\ProductTests\validateProductOnProductDetailsPage.png'> <img src='C:\Users\excel\eclipse-workspace\TDDFramework\Screenshots\Android_Pixel_7_API_28\2024-06-03-23-23-31\ProductTests\validateProductOnProductDetailsPage.png' height='400' width='400'/> </a>]]>
    </system-out>
  </testcase> <!-- validateProductOnProductDetailsPage -->
  <system-out>
    <![CDATA[This is the sample screenshot
<a href='C:\Users\excel\eclipse-workspace\TDDFramework\Screenshots\Android_Pixel_7_API_28\2024-06-03-23-23-31\ProductTests\validateProductOnProductDetailsPage.png'> <img src='C:\Users\excel\eclipse-workspace\TDDFramework\Screenshots\Android_Pixel_7_API_28\2024-06-03-23-23-31\ProductTests\validateProductOnProductDetailsPage.png' height='400' width='400'/> </a>
This is the sample screenshot
<a href='C:\Users\excel\eclipse-workspace\TDDFramework\Screenshots\Android_Pixel_7_API_28\2024-06-03-23-23-31\ProductTests\validateProductOnProductsPage.png'> <img src='C:\Users\excel\eclipse-workspace\TDDFramework\Screenshots\Android_Pixel_7_API_28\2024-06-03-23-23-31\ProductTests\validateProductOnProductsPage.png' height='400' width='400'/> </a>]]>
  </system-out>
</testsuite> <!-- com.qa.tests.ProductTests -->
